<?xml version="1.0" encoding="UTF-8"?>
<testsuite xmlns:xsi="http://www.w3.org/2001/XMLSchema-instance" xsi:noNamespaceSchemaLocation="https://maven.apache.org/surefire/maven-surefire-plugin/xsd/surefire-test-report.xsd" name="ssvv.example.AppTest" time="0.271" tests="15" errors="0" skipped="0" failures="0">
  <properties>
[...]
</properties>
  <testcase name="test_1_addStudent_success" classname="ssvv.example.AppTest" time="0.102"/>
  <testcase name="test_3_addStudent_ExceptionThrown_invalidMail" classname="ssvv.example.AppTest" time="0.018"/>
  <testcase name="test_3_addStudent_ExceptionThrown_invalidName" classname="ssvv.example.AppTest" time="0.007"/>
  <testcase name="test_3_addStudent_ExceptionThrown_invalidProf" classname="ssvv.example.AppTest" time="0"/>
  <testcase name="test_2_addStudent_success_validMail" classname="ssvv.example.AppTest" time="0.016"/>
  <testcase name="test_2_addStudent_success_validName" classname="ssvv.example.AppTest" time="0.016"/>
  <testcase name="test_2_addStudent_success_validProf" classname="ssvv.example.AppTest" time="0.016"/>
  <testcase name="tc_3_addAssignment_alreadyExistingAssignment" classname="ssvv.example.AppTest" time="0.011"/>
  <testcase name="test_3_addStudent_ExceptionThrown_invalidId" classname="ssvv.example.AppTest" time="0.019"/>
  <testcase name="test_2_addStudent_success_validGroup" classname="ssvv.example.AppTest" time="0"/>
  <testcase name="tc_1_addAssignment_validNonExistingAssignment" classname="ssvv.example.AppTest" time="0.007"/>
  <testcase name="test_3_addStudent_ExceptionThrown_IdExists" classname="ssvv.example.AppTest" time="0"/>
  <testcase name="test_3_addStudent_ExceptionThrown_invalidGroup" classname="ssvv.example.AppTest" time="0"/>
  <testcase name="test_2_addStudent_success_validId" classname="ssvv.example.AppTest" time="0.014"/>
  <testcase name="test_2_addStudent_success_IDDoesNotExist" classname="ssvv.example.AppTest" time="0.013"/>
</testsuite>